2024-10-10 16:42:51.736 INFO  The method started working
2024-10-10 16:42:56.245 INFO  searchInPatientList Method work complete
2024-10-10 16:42:56.245 INFO  Failed
2024-10-10 16:49:21.614 INFO  The method started working
2024-10-10 16:49:34.711 INFO  PatientRegistration Method work complete
2024-10-10 16:49:34.711 INFO  Passed
2024-10-10 16:51:06.452 INFO  The method started working
2024-10-10 16:51:15.825 INFO  PatientRegistration Method work complete
2024-10-10 16:51:15.825 INFO  Passed
2024-10-10 16:51:30.327 INFO  The method started working
2024-10-10 16:51:32.260 INFO  sixDifferentUnsuccessfulLogins Method work complete
2024-10-10 16:51:32.260 INFO  Passed
2024-10-10 16:51:32.261 INFO  The method started working
2024-10-10 16:51:33.121 INFO  sixDifferentUnsuccessfulLogins Method work complete
2024-10-10 16:51:33.122 INFO  Passed
2024-10-10 16:51:33.123 INFO  The method started working
2024-10-10 16:51:34.114 INFO  sixDifferentUnsuccessfulLogins Method work complete
2024-10-10 16:51:34.114 INFO  Passed
2024-10-10 16:51:34.115 INFO  The method started working
2024-10-10 16:51:34.704 INFO  sixDifferentUnsuccessfulLogins Method work complete
2024-10-10 16:51:34.704 INFO  Passed
2024-10-10 16:51:34.705 INFO  The method started working
2024-10-10 16:51:35.639 INFO  sixDifferentUnsuccessfulLogins Method work complete
2024-10-10 16:51:35.639 INFO  Passed
2024-10-10 16:51:35.640 INFO  The method started working
2024-10-10 16:51:36.098 INFO  sixDifferentUnsuccessfulLogins Method work complete
2024-10-10 16:51:36.098 INFO  Passed
2024-10-10 16:51:36.101 INFO  The method started working
2024-10-10 16:51:46.218 INFO  PerformLoginInTheSystem Method work complete
2024-10-10 16:51:46.218 INFO  Passed
2024-10-10 16:51:50.385 INFO  The method started working
2024-10-10 16:52:04.978 INFO  MyAccount Method work complete
2024-10-10 16:52:04.978 INFO  Passed
2024-10-10 16:52:09.071 INFO  The method started working
2024-10-10 16:52:57.677 INFO  searchInPatientList Method work complete
2024-10-10 16:52:57.677 INFO  Passed
2024-10-10 16:53:01.877 INFO  The method started working
2024-10-10 16:53:33.226 INFO  deletingPatientRecord Method work complete
2024-10-10 16:53:33.226 INFO  Passed
2024-10-10 16:53:37.535 INFO  The method started working
2024-10-10 16:54:02.953 INFO  listingPatients Method work complete
2024-10-10 16:54:02.954 INFO  Passed
2024-10-10 16:54:07.074 INFO  The method started working
2024-10-10 16:54:15.760 INFO  PatientRegistration Method work complete
2024-10-10 16:54:15.760 INFO  Passed
2024-10-10 16:54:19.994 INFO  The method started working
2024-10-10 16:54:32.878 INFO  PatientRegistration Method work complete
2024-10-10 16:54:32.878 INFO  Passed
2024-10-10 16:54:32.880 INFO  The method started working
2024-10-10 16:54:43.249 INFO  PatientRegistration Method work complete
2024-10-10 16:54:43.249 INFO  Passed
2024-10-10 16:54:43.250 INFO  The method started working
2024-10-10 16:54:49.794 INFO  PatientRecordMerge Method work complete
2024-10-10 16:54:49.794 INFO  Passed
2024-10-10 16:54:53.916 INFO  The method started working
2024-10-10 16:55:29.049 INFO  IncorrectSystemTimezoneduringAppointmentBooking Method work complete
2024-10-10 16:55:29.049 INFO  Failed
2024-10-10 17:09:31.258 INFO  The method started working
2024-10-10 17:09:43.346 INFO  LogOut Method work complete
2024-10-10 17:09:43.346 INFO  Passed
2024-10-10 17:09:55.933 INFO  The method started working
2024-10-10 17:10:07.543 INFO  LogOut Method work complete
2024-10-10 17:10:07.543 INFO  Passed
2024-10-10 17:11:08.761 INFO  The method started working
2024-10-10 17:11:20.782 INFO  LogOut Method work complete
2024-10-10 17:11:20.782 INFO  Passed
2024-10-10 17:25:40.802 INFO  The method started working
2024-10-10 17:26:09.748 INFO  listingPatients Method work complete
2024-10-10 17:26:09.748 INFO  Passed
2024-10-10 17:26:13.944 INFO  The method started working
2024-10-10 17:26:22.801 INFO  PatientRegistration Method work complete
2024-10-10 17:26:22.801 INFO  Passed
2024-10-10 17:27:21.115 INFO  The method started working
2024-10-10 17:27:33.622 INFO  listingPatients Method work complete
2024-10-10 17:27:33.622 INFO  Failed
2024-10-10 17:27:37.826 INFO  The method started working
2024-10-10 17:27:46.704 INFO  PatientRegistration Method work complete
2024-10-10 17:27:46.704 INFO  Passed
2024-10-10 13:39:20.894 INFO  The method started working
2024-10-10 13:39:44.106 INFO  IncorrectLogin Method work complete
2024-10-10 13:39:44.106 INFO  Failed
2024-10-10 13:39:44.107 INFO  The method started working
2024-10-10 13:40:05.500 INFO  IncorrectLogin Method work complete
2024-10-10 13:40:05.500 INFO  Failed
2024-10-10 13:40:05.500 INFO  The method started working
2024-10-10 13:40:05.502 INFO  IncorrectLogin Method work complete
2024-10-10 13:40:05.502 INFO  Failed
2024-10-10 13:40:05.504 INFO  The method started working
2024-10-10 13:40:05.506 INFO  IncorrectLogin Method work complete
2024-10-10 13:40:05.506 INFO  Failed
2024-10-10 13:40:05.507 INFO  The method started working
2024-10-10 13:40:05.509 INFO  IncorrectLogin Method work complete
2024-10-10 13:40:05.509 INFO  Failed
2024-10-10 13:40:05.510 INFO  The method started working
2024-10-10 13:40:05.511 INFO  IncorrectLogin Method work complete
2024-10-10 13:40:05.511 INFO  Failed
2024-10-10 13:40:29.298 INFO  The method started working
2024-10-10 13:40:33.925 INFO  IncorrectLogin Method work complete
2024-10-10 13:40:33.925 INFO  Passed
2024-10-10 13:40:33.926 INFO  The method started working
2024-10-10 13:40:36.432 INFO  IncorrectLogin Method work complete
2024-10-10 13:40:36.432 INFO  Passed
2024-10-10 13:40:36.432 INFO  The method started working
2024-10-10 13:40:38.741 INFO  IncorrectLogin Method work complete
2024-10-10 13:40:38.742 INFO  Passed
2024-10-10 13:40:38.742 INFO  The method started working
2024-10-10 13:40:41.077 INFO  IncorrectLogin Method work complete
2024-10-10 13:40:41.077 INFO  Passed
2024-10-10 13:40:41.079 INFO  The method started working
2024-10-10 13:40:43.818 INFO  IncorrectLogin Method work complete
2024-10-10 13:40:43.819 INFO  Passed
2024-10-10 13:40:43.819 INFO  The method started working
2024-10-10 13:40:46.235 INFO  IncorrectLogin Method work complete
2024-10-10 13:40:46.235 INFO  Passed
